{"/Users/gsoriano/Documents/javascript/CLASSIFY/Course.js": {"path":"/Users/gsoriano/Documents/javascript/CLASSIFY/Course.js","statementMap":{"0":{"start":{"line":25,"column":8},"end":{"line":25,"column":38}},"1":{"start":{"line":26,"column":8},"end":{"line":26,"column":28}},"2":{"start":{"line":27,"column":8},"end":{"line":27,"column":24}},"3":{"start":{"line":28,"column":8},"end":{"line":28,"column":28}},"4":{"start":{"line":29,"column":8},"end":{"line":29,"column":24}},"5":{"start":{"line":30,"column":8},"end":{"line":30,"column":32}},"6":{"start":{"line":31,"column":8},"end":{"line":31,"column":26}},"7":{"start":{"line":32,"column":8},"end":{"line":32,"column":26}},"8":{"start":{"line":33,"column":8},"end":{"line":33,"column":26}},"9":{"start":{"line":34,"column":8},"end":{"line":34,"column":28}},"10":{"start":{"line":35,"column":8},"end":{"line":35,"column":38}},"11":{"start":{"line":36,"column":8},"end":{"line":36,"column":44}},"12":{"start":{"line":41,"column":8},"end":{"line":41,"column":32}},"13":{"start":{"line":44,"column":8},"end":{"line":44,"column":27}},"14":{"start":{"line":47,"column":8},"end":{"line":47,"column":25}},"15":{"start":{"line":51,"column":8},"end":{"line":51,"column":27}},"16":{"start":{"line":55,"column":8},"end":{"line":55,"column":25}},"17":{"start":{"line":59,"column":8},"end":{"line":59,"column":29}},"18":{"start":{"line":63,"column":8},"end":{"line":63,"column":26}},"19":{"start":{"line":67,"column":8},"end":{"line":67,"column":26}},"20":{"start":{"line":71,"column":8},"end":{"line":71,"column":26}},"21":{"start":{"line":74,"column":8},"end":{"line":74,"column":27}},"22":{"start":{"line":77,"column":8},"end":{"line":77,"column":32}},"23":{"start":{"line":80,"column":8},"end":{"line":80,"column":35}},"24":{"start":{"line":86,"column":4},"end":{"line":86,"column":34}},"25":{"start":{"line":90,"column":8},"end":{"line":90,"column":28}},"26":{"start":{"line":93,"column":8},"end":{"line":93,"column":24}},"27":{"start":{"line":97,"column":8},"end":{"line":97,"column":28}},"28":{"start":{"line":101,"column":8},"end":{"line":101,"column":24}},"29":{"start":{"line":105,"column":8},"end":{"line":105,"column":32}},"30":{"start":{"line":109,"column":8},"end":{"line":109,"column":26}},"31":{"start":{"line":113,"column":8},"end":{"line":113,"column":26}},"32":{"start":{"line":117,"column":8},"end":{"line":117,"column":26}},"33":{"start":{"line":121,"column":8},"end":{"line":121,"column":28}},"34":{"start":{"line":125,"column":8},"end":{"line":125,"column":38}},"35":{"start":{"line":129,"column":8},"end":{"line":129,"column":44}},"36":{"start":{"line":133,"column":0},"end":{"line":133,"column":24}}},"fnMap":{"0":{"name":"(anonymous_0)","decl":{"start":{"line":24,"column":4},"end":{"line":24,"column":5}},"loc":{"start":{"line":24,"column":102},"end":{"line":37,"column":5}},"line":24},"1":{"name":"(anonymous_1)","decl":{"start":{"line":40,"column":4},"end":{"line":40,"column":5}},"loc":{"start":{"line":40,"column":20},"end":{"line":42,"column":5}},"line":40},"2":{"name":"(anonymous_2)","decl":{"start":{"line":43,"column":4},"end":{"line":43,"column":5}},"loc":{"start":{"line":43,"column":15},"end":{"line":45,"column":5}},"line":43},"3":{"name":"(anonymous_3)","decl":{"start":{"line":46,"column":4},"end":{"line":46,"column":5}},"loc":{"start":{"line":46,"column":13},"end":{"line":48,"column":5}},"line":46},"4":{"name":"(anonymous_4)","decl":{"start":{"line":50,"column":4},"end":{"line":50,"column":5}},"loc":{"start":{"line":50,"column":15},"end":{"line":52,"column":5}},"line":50},"5":{"name":"(anonymous_5)","decl":{"start":{"line":54,"column":4},"end":{"line":54,"column":5}},"loc":{"start":{"line":54,"column":13},"end":{"line":56,"column":5}},"line":54},"6":{"name":"(anonymous_6)","decl":{"start":{"line":58,"column":4},"end":{"line":58,"column":5}},"loc":{"start":{"line":58,"column":17},"end":{"line":60,"column":5}},"line":58},"7":{"name":"(anonymous_7)","decl":{"start":{"line":62,"column":4},"end":{"line":62,"column":5}},"loc":{"start":{"line":62,"column":14},"end":{"line":64,"column":5}},"line":62},"8":{"name":"(anonymous_8)","decl":{"start":{"line":66,"column":4},"end":{"line":66,"column":5}},"loc":{"start":{"line":66,"column":14},"end":{"line":68,"column":5}},"line":66},"9":{"name":"(anonymous_9)","decl":{"start":{"line":70,"column":4},"end":{"line":70,"column":5}},"loc":{"start":{"line":70,"column":14},"end":{"line":72,"column":5}},"line":70},"10":{"name":"(anonymous_10)","decl":{"start":{"line":73,"column":4},"end":{"line":73,"column":5}},"loc":{"start":{"line":73,"column":15},"end":{"line":75,"column":5}},"line":73},"11":{"name":"(anonymous_11)","decl":{"start":{"line":76,"column":4},"end":{"line":76,"column":5}},"loc":{"start":{"line":76,"column":19},"end":{"line":78,"column":5}},"line":76},"12":{"name":"(anonymous_12)","decl":{"start":{"line":79,"column":4},"end":{"line":79,"column":5}},"loc":{"start":{"line":79,"column":22},"end":{"line":81,"column":5}},"line":79},"13":{"name":"(anonymous_13)","decl":{"start":{"line":85,"column":4},"end":{"line":85,"column":5}},"loc":{"start":{"line":85,"column":30},"end":{"line":87,"column":5}},"line":85},"14":{"name":"(anonymous_14)","decl":{"start":{"line":89,"column":4},"end":{"line":89,"column":5}},"loc":{"start":{"line":89,"column":20},"end":{"line":91,"column":5}},"line":89},"15":{"name":"(anonymous_15)","decl":{"start":{"line":92,"column":4},"end":{"line":92,"column":5}},"loc":{"start":{"line":92,"column":16},"end":{"line":94,"column":5}},"line":92},"16":{"name":"(anonymous_16)","decl":{"start":{"line":96,"column":4},"end":{"line":96,"column":5}},"loc":{"start":{"line":96,"column":20},"end":{"line":98,"column":5}},"line":96},"17":{"name":"(anonymous_17)","decl":{"start":{"line":100,"column":4},"end":{"line":100,"column":5}},"loc":{"start":{"line":100,"column":16},"end":{"line":102,"column":5}},"line":100},"18":{"name":"(anonymous_18)","decl":{"start":{"line":104,"column":4},"end":{"line":104,"column":5}},"loc":{"start":{"line":104,"column":24},"end":{"line":106,"column":5}},"line":104},"19":{"name":"(anonymous_19)","decl":{"start":{"line":108,"column":4},"end":{"line":108,"column":5}},"loc":{"start":{"line":108,"column":18},"end":{"line":110,"column":5}},"line":108},"20":{"name":"(anonymous_20)","decl":{"start":{"line":112,"column":4},"end":{"line":112,"column":5}},"loc":{"start":{"line":112,"column":18},"end":{"line":114,"column":5}},"line":112},"21":{"name":"(anonymous_21)","decl":{"start":{"line":116,"column":4},"end":{"line":116,"column":5}},"loc":{"start":{"line":116,"column":18},"end":{"line":118,"column":5}},"line":116},"22":{"name":"(anonymous_22)","decl":{"start":{"line":120,"column":4},"end":{"line":120,"column":5}},"loc":{"start":{"line":120,"column":20},"end":{"line":122,"column":5}},"line":120},"23":{"name":"(anonymous_23)","decl":{"start":{"line":124,"column":4},"end":{"line":124,"column":5}},"loc":{"start":{"line":124,"column":29},"end":{"line":126,"column":5}},"line":124},"24":{"name":"(anonymous_24)","decl":{"start":{"line":128,"column":4},"end":{"line":128,"column":5}},"loc":{"start":{"line":128,"column":35},"end":{"line":130,"column":5}},"line":128}},"branchMap":{},"s":{"0":24,"1":24,"2":24,"3":24,"4":24,"5":24,"6":24,"7":24,"8":24,"9":24,"10":24,"11":24,"12":2,"13":2,"14":2,"15":2,"16":2,"17":2,"18":2,"19":2,"20":2,"21":2,"22":2,"23":2,"24":1,"25":1,"26":1,"27":1,"28":1,"29":1,"30":1,"31":1,"32":1,"33":1,"34":1,"35":1,"36":1},"f":{"0":24,"1":2,"2":2,"3":2,"4":2,"5":2,"6":2,"7":2,"8":2,"9":2,"10":2,"11":2,"12":2,"13":1,"14":1,"15":1,"16":1,"17":1,"18":1,"19":1,"20":1,"21":1,"22":1,"23":1,"24":1},"b":{},"_coverageSchema":"1a1c01bbd47fc00a2c39e90264f33305004495a9","hash":"a1ac67f9261cfa2fdde4b0cac5ad336d9dea3e70"}
,"/Users/gsoriano/Documents/javascript/CLASSIFY/Professor.js": {"path":"/Users/gsoriano/Documents/javascript/CLASSIFY/Professor.js","statementMap":{"0":{"start":{"line":9,"column":8},"end":{"line":9,"column":36}},"1":{"start":{"line":10,"column":8},"end":{"line":10,"column":34}},"2":{"start":{"line":11,"column":8},"end":{"line":11,"column":106}},"3":{"start":{"line":12,"column":8},"end":{"line":12,"column":57}},"4":{"start":{"line":15,"column":21},"end":{"line":15,"column":44}},"5":{"start":{"line":16,"column":20},"end":{"line":16,"column":42}},"6":{"start":{"line":17,"column":32},"end":{"line":17,"column":67}},"7":{"start":{"line":19,"column":29},"end":{"line":19,"column":56}},"8":{"start":{"line":20,"column":27},"end":{"line":20,"column":53}},"9":{"start":{"line":22,"column":40},"end":{"line":22,"column":92}},"10":{"start":{"line":24,"column":34},"end":{"line":24,"column":70}},"11":{"start":{"line":26,"column":53},"end":{"line":26,"column":105}},"12":{"start":{"line":30,"column":0},"end":{"line":30,"column":27}}},"fnMap":{"0":{"name":"(anonymous_0)","decl":{"start":{"line":8,"column":4},"end":{"line":8,"column":5}},"loc":{"start":{"line":8,"column":89},"end":{"line":13,"column":5}},"line":8},"1":{"name":"(anonymous_1)","decl":{"start":{"line":15,"column":4},"end":{"line":15,"column":5}},"loc":{"start":{"line":15,"column":19},"end":{"line":15,"column":46}},"line":15},"2":{"name":"(anonymous_2)","decl":{"start":{"line":16,"column":4},"end":{"line":16,"column":5}},"loc":{"start":{"line":16,"column":18},"end":{"line":16,"column":44}},"line":16},"3":{"name":"(anonymous_3)","decl":{"start":{"line":17,"column":4},"end":{"line":17,"column":5}},"loc":{"start":{"line":17,"column":31},"end":{"line":17,"column":68}},"line":17},"4":{"name":"(anonymous_4)","decl":{"start":{"line":19,"column":4},"end":{"line":19,"column":5}},"loc":{"start":{"line":19,"column":28},"end":{"line":19,"column":57}},"line":19},"5":{"name":"(anonymous_5)","decl":{"start":{"line":20,"column":4},"end":{"line":20,"column":5}},"loc":{"start":{"line":20,"column":26},"end":{"line":20,"column":54}},"line":20},"6":{"name":"(anonymous_6)","decl":{"start":{"line":22,"column":4},"end":{"line":22,"column":5}},"loc":{"start":{"line":22,"column":39},"end":{"line":22,"column":93}},"line":22},"7":{"name":"(anonymous_7)","decl":{"start":{"line":24,"column":4},"end":{"line":24,"column":5}},"loc":{"start":{"line":24,"column":33},"end":{"line":24,"column":71}},"line":24},"8":{"name":"(anonymous_8)","decl":{"start":{"line":26,"column":4},"end":{"line":26,"column":5}},"loc":{"start":{"line":26,"column":52},"end":{"line":26,"column":106}},"line":26}},"branchMap":{"0":{"loc":{"start":{"line":8,"column":37},"end":{"line":8,"column":65}},"type":"default-arg","locations":[{"start":{"line":8,"column":61},"end":{"line":8,"column":65}}],"line":8},"1":{"loc":{"start":{"line":11,"column":38},"end":{"line":11,"column":105}},"type":"cond-expr","locations":[{"start":{"line":11,"column":72},"end":{"line":11,"column":93}},{"start":{"line":11,"column":96},"end":{"line":11,"column":105}}],"line":11}},"s":{"0":5,"1":5,"2":5,"3":5,"4":2,"5":2,"6":5,"7":1,"8":1,"9":1,"10":1,"11":1,"12":1},"f":{"0":5,"1":2,"2":2,"3":5,"4":1,"5":1,"6":1,"7":1,"8":1},"b":{"0":[0],"1":[5,0]},"_coverageSchema":"1a1c01bbd47fc00a2c39e90264f33305004495a9","hash":"9ff3962b29288f940c18e9dfa72febdace44a529"}
,"/Users/gsoriano/Documents/javascript/CLASSIFY/Review.js": {"path":"/Users/gsoriano/Documents/javascript/CLASSIFY/Review.js","statementMap":{"0":{"start":{"line":3,"column":8},"end":{"line":3,"column":30}},"1":{"start":{"line":4,"column":8},"end":{"line":4,"column":46}},"2":{"start":{"line":5,"column":8},"end":{"line":5,"column":50}},"3":{"start":{"line":6,"column":8},"end":{"line":6,"column":32}},"4":{"start":{"line":7,"column":8},"end":{"line":7,"column":30}},"5":{"start":{"line":8,"column":8},"end":{"line":8,"column":30}},"6":{"start":{"line":9,"column":8},"end":{"line":9,"column":30}},"7":{"start":{"line":14,"column":8},"end":{"line":14,"column":28}},"8":{"start":{"line":18,"column":8},"end":{"line":18,"column":36}},"9":{"start":{"line":22,"column":8},"end":{"line":22,"column":38}},"10":{"start":{"line":26,"column":8},"end":{"line":26,"column":27}},"11":{"start":{"line":30,"column":8},"end":{"line":30,"column":28}},"12":{"start":{"line":34,"column":8},"end":{"line":34,"column":28}},"13":{"start":{"line":38,"column":8},"end":{"line":38,"column":28}},"14":{"start":{"line":43,"column":8},"end":{"line":43,"column":30}},"15":{"start":{"line":47,"column":8},"end":{"line":47,"column":46}},"16":{"start":{"line":51,"column":8},"end":{"line":51,"column":50}},"17":{"start":{"line":55,"column":8},"end":{"line":55,"column":32}},"18":{"start":{"line":59,"column":8},"end":{"line":59,"column":30}},"19":{"start":{"line":63,"column":8},"end":{"line":63,"column":30}},"20":{"start":{"line":67,"column":8},"end":{"line":67,"column":30}},"21":{"start":{"line":71,"column":0},"end":{"line":71,"column":24}}},"fnMap":{"0":{"name":"(anonymous_0)","decl":{"start":{"line":2,"column":4},"end":{"line":2,"column":5}},"loc":{"start":{"line":2,"column":93},"end":{"line":10,"column":5}},"line":2},"1":{"name":"(anonymous_1)","decl":{"start":{"line":13,"column":4},"end":{"line":13,"column":5}},"loc":{"start":{"line":13,"column":17},"end":{"line":15,"column":5}},"line":13},"2":{"name":"(anonymous_2)","decl":{"start":{"line":17,"column":4},"end":{"line":17,"column":5}},"loc":{"start":{"line":17,"column":25},"end":{"line":19,"column":5}},"line":17},"3":{"name":"(anonymous_3)","decl":{"start":{"line":21,"column":4},"end":{"line":21,"column":5}},"loc":{"start":{"line":21,"column":27},"end":{"line":23,"column":5}},"line":21},"4":{"name":"(anonymous_4)","decl":{"start":{"line":25,"column":4},"end":{"line":25,"column":5}},"loc":{"start":{"line":25,"column":21},"end":{"line":27,"column":5}},"line":25},"5":{"name":"(anonymous_5)","decl":{"start":{"line":29,"column":4},"end":{"line":29,"column":5}},"loc":{"start":{"line":29,"column":17},"end":{"line":31,"column":5}},"line":29},"6":{"name":"(anonymous_6)","decl":{"start":{"line":33,"column":4},"end":{"line":33,"column":5}},"loc":{"start":{"line":33,"column":17},"end":{"line":35,"column":5}},"line":33},"7":{"name":"(anonymous_7)","decl":{"start":{"line":37,"column":4},"end":{"line":37,"column":5}},"loc":{"start":{"line":37,"column":17},"end":{"line":39,"column":5}},"line":37},"8":{"name":"(anonymous_8)","decl":{"start":{"line":42,"column":4},"end":{"line":42,"column":5}},"loc":{"start":{"line":42,"column":23},"end":{"line":44,"column":5}},"line":42},"9":{"name":"(anonymous_9)","decl":{"start":{"line":46,"column":4},"end":{"line":46,"column":5}},"loc":{"start":{"line":46,"column":39},"end":{"line":48,"column":5}},"line":46},"10":{"name":"(anonymous_10)","decl":{"start":{"line":50,"column":4},"end":{"line":50,"column":5}},"loc":{"start":{"line":50,"column":43},"end":{"line":52,"column":5}},"line":50},"11":{"name":"(anonymous_11)","decl":{"start":{"line":54,"column":4},"end":{"line":54,"column":5}},"loc":{"start":{"line":54,"column":25},"end":{"line":56,"column":5}},"line":54},"12":{"name":"(anonymous_12)","decl":{"start":{"line":58,"column":4},"end":{"line":58,"column":5}},"loc":{"start":{"line":58,"column":23},"end":{"line":60,"column":5}},"line":58},"13":{"name":"(anonymous_13)","decl":{"start":{"line":62,"column":4},"end":{"line":62,"column":5}},"loc":{"start":{"line":62,"column":23},"end":{"line":64,"column":5}},"line":62},"14":{"name":"(anonymous_14)","decl":{"start":{"line":66,"column":4},"end":{"line":66,"column":5}},"loc":{"start":{"line":66,"column":23},"end":{"line":68,"column":5}},"line":66}},"branchMap":{},"s":{"0":0,"1":0,"2":0,"3":0,"4":0,"5":0,"6":0,"7":0,"8":0,"9":0,"10":0,"11":0,"12":0,"13":0,"14":0,"15":0,"16":0,"17":0,"18":0,"19":0,"20":0,"21":1},"f":{"0":0,"1":0,"2":0,"3":0,"4":0,"5":0,"6":0,"7":0,"8":0,"9":0,"10":0,"11":0,"12":0,"13":0,"14":0},"b":{},"_coverageSchema":"1a1c01bbd47fc00a2c39e90264f33305004495a9","hash":"51e66976257927e7b55bccd56e2279547c79f075"}
,"/Users/gsoriano/Documents/javascript/CLASSIFY/index.js": {"path":"/Users/gsoriano/Documents/javascript/CLASSIFY/index.js","statementMap":{"0":{"start":{"line":3,"column":11},"end":{"line":3,"column":24}},"1":{"start":{"line":4,"column":13},"end":{"line":4,"column":28}},"2":{"start":{"line":13,"column":17},"end":{"line":13,"column":30}},"3":{"start":{"line":42,"column":21},"end":{"line":42,"column":54}},"4":{"start":{"line":44,"column":4},"end":{"line":79,"column":5}},"5":{"start":{"line":45,"column":26},"end":{"line":45,"column":46}},"6":{"start":{"line":46,"column":25},"end":{"line":46,"column":27}},"7":{"start":{"line":48,"column":6},"end":{"line":73,"column":9}},"8":{"start":{"line":62,"column":12},"end":{"line":62,"column":22}},"9":{"start":{"line":71,"column":23},"end":{"line":71,"column":119}},"10":{"start":{"line":72,"column":8},"end":{"line":72,"column":32}},"11":{"start":{"line":75,"column":6},"end":{"line":75,"column":24}},"12":{"start":{"line":77,"column":6},"end":{"line":77,"column":50}},"13":{"start":{"line":78,"column":6},"end":{"line":78,"column":16}},"14":{"start":{"line":83,"column":25},"end":{"line":83,"column":34}},"15":{"start":{"line":85,"column":2},"end":{"line":115,"column":5}},"16":{"start":{"line":86,"column":4},"end":{"line":89,"column":5}},"17":{"start":{"line":87,"column":6},"end":{"line":87,"column":52}},"18":{"start":{"line":88,"column":6},"end":{"line":88,"column":13}},"19":{"start":{"line":91,"column":4},"end":{"line":111,"column":5}},"20":{"start":{"line":92,"column":18},"end":{"line":92,"column":38}},"21":{"start":{"line":93,"column":26},"end":{"line":93,"column":32}},"22":{"start":{"line":95,"column":6},"end":{"line":108,"column":7}},"23":{"start":{"line":96,"column":8},"end":{"line":105,"column":11}},"24":{"start":{"line":100,"column":14},"end":{"line":100,"column":24}},"25":{"start":{"line":102,"column":10},"end":{"line":104,"column":11}},"26":{"start":{"line":103,"column":12},"end":{"line":103,"column":79}},"27":{"start":{"line":107,"column":8},"end":{"line":107,"column":54}},"28":{"start":{"line":110,"column":6},"end":{"line":110,"column":57}},"29":{"start":{"line":114,"column":4},"end":{"line":114,"column":26}},"30":{"start":{"line":131,"column":21},"end":{"line":136,"column":40}},"31":{"start":{"line":132,"column":36},"end":{"line":135,"column":7}},"32":{"start":{"line":136,"column":22},"end":{"line":136,"column":39}},"33":{"start":{"line":138,"column":2},"end":{"line":138,"column":48}},"34":{"start":{"line":138,"column":32},"end":{"line":138,"column":46}},"35":{"start":{"line":141,"column":0},"end":{"line":141,"column":92}}},"fnMap":{"0":{"name":"parseCoursesFromFile","decl":{"start":{"line":41,"column":9},"end":{"line":41,"column":29}},"loc":{"start":{"line":41,"column":40},"end":{"line":80,"column":1}},"line":41},"1":{"name":"(anonymous_1)","decl":{"start":{"line":48,"column":26},"end":{"line":48,"column":27}},"loc":{"start":{"line":48,"column":42},"end":{"line":73,"column":7}},"line":48},"2":{"name":"getInstructorsFromFile","decl":{"start":{"line":82,"column":9},"end":{"line":82,"column":31}},"loc":{"start":{"line":82,"column":42},"end":{"line":116,"column":1}},"line":82},"3":{"name":"(anonymous_3)","decl":{"start":{"line":85,"column":32},"end":{"line":85,"column":33}},"loc":{"start":{"line":85,"column":51},"end":{"line":115,"column":3}},"line":85},"4":{"name":"(anonymous_4)","decl":{"start":{"line":96,"column":28},"end":{"line":96,"column":29}},"loc":{"start":{"line":96,"column":44},"end":{"line":105,"column":9}},"line":96},"5":{"name":"sortProfessorsGivenCourse","decl":{"start":{"line":130,"column":9},"end":{"line":130,"column":34}},"loc":{"start":{"line":130,"column":50},"end":{"line":139,"column":1}},"line":130},"6":{"name":"(anonymous_6)","decl":{"start":{"line":132,"column":11},"end":{"line":132,"column":12}},"loc":{"start":{"line":132,"column":36},"end":{"line":135,"column":7}},"line":132},"7":{"name":"(anonymous_7)","decl":{"start":{"line":136,"column":12},"end":{"line":136,"column":13}},"loc":{"start":{"line":136,"column":22},"end":{"line":136,"column":39}},"line":136},"8":{"name":"(anonymous_8)","decl":{"start":{"line":138,"column":24},"end":{"line":138,"column":25}},"loc":{"start":{"line":138,"column":32},"end":{"line":138,"column":46}},"line":138}},"branchMap":{"0":{"loc":{"start":{"line":86,"column":4},"end":{"line":89,"column":5}},"type":"if","locations":[{"start":{"line":86,"column":4},"end":{"line":89,"column":5}},{"start":{},"end":{}}],"line":86},"1":{"loc":{"start":{"line":95,"column":6},"end":{"line":108,"column":7}},"type":"if","locations":[{"start":{"line":95,"column":6},"end":{"line":108,"column":7}},{"start":{"line":106,"column":13},"end":{"line":108,"column":7}}],"line":95},"2":{"loc":{"start":{"line":102,"column":10},"end":{"line":104,"column":11}},"type":"if","locations":[{"start":{"line":102,"column":10},"end":{"line":104,"column":11}},{"start":{},"end":{}}],"line":102},"3":{"loc":{"start":{"line":134,"column":17},"end":{"line":134,"column":49}},"type":"cond-expr","locations":[{"start":{"line":134,"column":39},"end":{"line":134,"column":44}},{"start":{"line":134,"column":47},"end":{"line":134,"column":49}}],"line":134}},"s":{"0":1,"1":1,"2":1,"3":0,"4":0,"5":0,"6":0,"7":0,"8":0,"9":0,"10":0,"11":0,"12":0,"13":0,"14":0,"15":0,"16":0,"17":0,"18":0,"19":0,"20":0,"21":0,"22":0,"23":0,"24":0,"25":0,"26":0,"27":0,"28":0,"29":0,"30":1,"31":5,"32":7,"33":1,"34":5,"35":1},"f":{"0":0,"1":0,"2":0,"3":0,"4":0,"5":1,"6":5,"7":7,"8":5},"b":{"0":[0,0],"1":[0,0],"2":[0,0],"3":[5,0]},"_coverageSchema":"1a1c01bbd47fc00a2c39e90264f33305004495a9","hash":"a635e47b3de05a2edfc3d6f9f8af7395b02efeaa"}
,"/Users/gsoriano/Documents/javascript/CLASSIFY/rmpReview.js": {"path":"/Users/gsoriano/Documents/javascript/CLASSIFY/rmpReview.js","statementMap":{"0":{"start":{"line":2,"column":18},"end":{"line":2,"column":38}},"1":{"start":{"line":3,"column":11},"end":{"line":3,"column":24}},"2":{"start":{"line":4,"column":15},"end":{"line":4,"column":34}},"3":{"start":{"line":6,"column":17},"end":{"line":6,"column":52}},"4":{"start":{"line":8,"column":2},"end":{"line":8,"column":80}},"5":{"start":{"line":11,"column":2},"end":{"line":15,"column":5}},"6":{"start":{"line":19,"column":2},"end":{"line":24,"column":3}},"7":{"start":{"line":20,"column":4},"end":{"line":20,"column":70}},"8":{"start":{"line":21,"column":4},"end":{"line":21,"column":41}},"9":{"start":{"line":23,"column":4},"end":{"line":23,"column":51}},"10":{"start":{"line":29,"column":2},"end":{"line":31,"column":3}},"11":{"start":{"line":30,"column":4},"end":{"line":30,"column":54}},"12":{"start":{"line":32,"column":18},"end":{"line":32,"column":39}},"13":{"start":{"line":33,"column":15},"end":{"line":33,"column":38}},"14":{"start":{"line":34,"column":2},"end":{"line":34,"column":63}},"15":{"start":{"line":36,"column":23},"end":{"line":38,"column":3}},"16":{"start":{"line":39,"column":2},"end":{"line":39,"column":41}},"17":{"start":{"line":41,"column":2},"end":{"line":44,"column":5}},"18":{"start":{"line":46,"column":2},"end":{"line":46,"column":25}},"19":{"start":{"line":48,"column":22},"end":{"line":50,"column":3}},"20":{"start":{"line":51,"column":2},"end":{"line":56,"column":3}},"21":{"start":{"line":52,"column":4},"end":{"line":52,"column":50}},"22":{"start":{"line":53,"column":4},"end":{"line":53,"column":67}},"23":{"start":{"line":54,"column":4},"end":{"line":54,"column":26}},"24":{"start":{"line":55,"column":4},"end":{"line":55,"column":57}},"25":{"start":{"line":58,"column":16},"end":{"line":58,"column":57}},"26":{"start":{"line":58,"column":50},"end":{"line":58,"column":56}},"27":{"start":{"line":60,"column":2},"end":{"line":60,"column":24}},"28":{"start":{"line":61,"column":2},"end":{"line":61,"column":15}},"29":{"start":{"line":65,"column":14},"end":{"line":65,"column":57}},"30":{"start":{"line":66,"column":18},"end":{"line":66,"column":39}},"31":{"start":{"line":67,"column":15},"end":{"line":67,"column":38}},"32":{"start":{"line":68,"column":2},"end":{"line":68,"column":43}},"33":{"start":{"line":70,"column":2},"end":{"line":70,"column":25}},"34":{"start":{"line":72,"column":16},"end":{"line":75,"column":3}},"35":{"start":{"line":74,"column":13},"end":{"line":74,"column":28}},"36":{"start":{"line":77,"column":2},"end":{"line":77,"column":24}},"37":{"start":{"line":78,"column":2},"end":{"line":78,"column":15}},"38":{"start":{"line":82,"column":14},"end":{"line":82,"column":57}},"39":{"start":{"line":83,"column":18},"end":{"line":83,"column":39}},"40":{"start":{"line":84,"column":15},"end":{"line":84,"column":38}},"41":{"start":{"line":86,"column":2},"end":{"line":86,"column":70}},"42":{"start":{"line":88,"column":2},"end":{"line":88,"column":25}},"43":{"start":{"line":90,"column":21},"end":{"line":90,"column":63}},"44":{"start":{"line":91,"column":20},"end":{"line":139,"column":3}},"45":{"start":{"line":92,"column":4},"end":{"line":138,"column":7}},"46":{"start":{"line":95,"column":26},"end":{"line":97,"column":9}},"47":{"start":{"line":98,"column":27},"end":{"line":100,"column":9}},"48":{"start":{"line":101,"column":30},"end":{"line":103,"column":9}},"49":{"start":{"line":104,"column":27},"end":{"line":106,"column":9}},"50":{"start":{"line":107,"column":23},"end":{"line":111,"column":41}},"51":{"start":{"line":111,"column":24},"end":{"line":111,"column":40}},"52":{"start":{"line":112,"column":41},"end":{"line":112,"column":47}},"53":{"start":{"line":117,"column":8},"end":{"line":127,"column":10}},"54":{"start":{"line":131,"column":10},"end":{"line":137,"column":21}},"55":{"start":{"line":141,"column":18},"end":{"line":152,"column":3}},"56":{"start":{"line":143,"column":6},"end":{"line":151,"column":7}},"57":{"start":{"line":154,"column":2},"end":{"line":154,"column":24}},"58":{"start":{"line":155,"column":2},"end":{"line":155,"column":17}},"59":{"start":{"line":171,"column":10},"end":{"line":171,"column":12}},"60":{"start":{"line":172,"column":23},"end":{"line":172,"column":25}},"61":{"start":{"line":175,"column":0},"end":{"line":219,"column":5}},"62":{"start":{"line":177,"column":4},"end":{"line":177,"column":45}},"63":{"start":{"line":178,"column":4},"end":{"line":211,"column":7}},"64":{"start":{"line":179,"column":26},"end":{"line":179,"column":41}},"65":{"start":{"line":180,"column":19},"end":{"line":180,"column":32}},"66":{"start":{"line":183,"column":6},"end":{"line":185,"column":7}},"67":{"start":{"line":184,"column":8},"end":{"line":184,"column":45}},"68":{"start":{"line":188,"column":6},"end":{"line":190,"column":7}},"69":{"start":{"line":189,"column":8},"end":{"line":189,"column":53}},"70":{"start":{"line":193,"column":6},"end":{"line":198,"column":9}},"71":{"start":{"line":203,"column":6},"end":{"line":209,"column":9}},"72":{"start":{"line":204,"column":8},"end":{"line":208,"column":9}},"73":{"start":{"line":205,"column":10},"end":{"line":205,"column":85}},"74":{"start":{"line":207,"column":10},"end":{"line":207,"column":51}},"75":{"start":{"line":217,"column":4},"end":{"line":217,"column":58}},"76":{"start":{"line":224,"column":0},"end":{"line":228,"column":2}}},"fnMap":{"0":{"name":"launchBrowser","decl":{"start":{"line":10,"column":15},"end":{"line":10,"column":28}},"loc":{"start":{"line":10,"column":31},"end":{"line":16,"column":1}},"line":10},"1":{"name":"closePopup","decl":{"start":{"line":18,"column":15},"end":{"line":18,"column":25}},"loc":{"start":{"line":18,"column":32},"end":{"line":25,"column":1}},"line":18},"2":{"name":"getProfessorURLFromRMP","decl":{"start":{"line":27,"column":15},"end":{"line":27,"column":37}},"loc":{"start":{"line":27,"column":53},"end":{"line":62,"column":1}},"line":27},"3":{"name":"(anonymous_3)","decl":{"start":{"line":58,"column":43},"end":{"line":58,"column":44}},"loc":{"start":{"line":58,"column":50},"end":{"line":58,"column":56}},"line":58},"4":{"name":"getProfessorOverallRating","decl":{"start":{"line":64,"column":15},"end":{"line":64,"column":40}},"loc":{"start":{"line":64,"column":56},"end":{"line":79,"column":1}},"line":64},"5":{"name":"(anonymous_5)","decl":{"start":{"line":74,"column":4},"end":{"line":74,"column":5}},"loc":{"start":{"line":74,"column":13},"end":{"line":74,"column":28}},"line":74},"6":{"name":"getReviewForProfessor","decl":{"start":{"line":81,"column":15},"end":{"line":81,"column":36}},"loc":{"start":{"line":81,"column":52},"end":{"line":156,"column":1}},"line":81},"7":{"name":"(anonymous_7)","decl":{"start":{"line":91,"column":50},"end":{"line":91,"column":51}},"loc":{"start":{"line":92,"column":4},"end":{"line":138,"column":7}},"line":92},"8":{"name":"(anonymous_8)","decl":{"start":{"line":93,"column":11},"end":{"line":93,"column":12}},"loc":{"start":{"line":93,"column":19},"end":{"line":128,"column":7}},"line":93},"9":{"name":"(anonymous_9)","decl":{"start":{"line":111,"column":14},"end":{"line":111,"column":15}},"loc":{"start":{"line":111,"column":24},"end":{"line":111,"column":40}},"line":111},"10":{"name":"(anonymous_10)","decl":{"start":{"line":130,"column":8},"end":{"line":130,"column":9}},"loc":{"start":{"line":131,"column":10},"end":{"line":137,"column":21}},"line":131},"11":{"name":"(anonymous_11)","decl":{"start":{"line":142,"column":4},"end":{"line":142,"column":5}},"loc":{"start":{"line":143,"column":6},"end":{"line":151,"column":7}},"line":143},"12":{"name":"(anonymous_12)","decl":{"start":{"line":176,"column":8},"end":{"line":176,"column":9}},"loc":{"start":{"line":176,"column":21},"end":{"line":215,"column":3}},"line":176},"13":{"name":"(anonymous_13)","decl":{"start":{"line":178,"column":20},"end":{"line":178,"column":21}},"loc":{"start":{"line":178,"column":38},"end":{"line":211,"column":5}},"line":178},"14":{"name":"(anonymous_14)","decl":{"start":{"line":203,"column":95},"end":{"line":203,"column":96}},"loc":{"start":{"line":203,"column":109},"end":{"line":209,"column":7}},"line":203},"15":{"name":"(anonymous_15)","decl":{"start":{"line":216,"column":9},"end":{"line":216,"column":10}},"loc":{"start":{"line":216,"column":20},"end":{"line":219,"column":3}},"line":216}},"branchMap":{"0":{"loc":{"start":{"line":29,"column":2},"end":{"line":31,"column":3}},"type":"if","locations":[{"start":{"line":29,"column":2},"end":{"line":31,"column":3}},{"start":{},"end":{}}],"line":29},"1":{"loc":{"start":{"line":51,"column":2},"end":{"line":56,"column":3}},"type":"if","locations":[{"start":{"line":51,"column":2},"end":{"line":56,"column":3}},{"start":{},"end":{}}],"line":51},"2":{"loc":{"start":{"line":118,"column":22},"end":{"line":118,"column":62}},"type":"cond-expr","locations":[{"start":{"line":118,"column":34},"end":{"line":118,"column":55}},{"start":{"line":118,"column":58},"end":{"line":118,"column":62}}],"line":118},"3":{"loc":{"start":{"line":119,"column":22},"end":{"line":119,"column":76}},"type":"cond-expr","locations":[{"start":{"line":119,"column":35},"end":{"line":119,"column":69}},{"start":{"line":119,"column":72},"end":{"line":119,"column":76}}],"line":119},"4":{"loc":{"start":{"line":120,"column":25},"end":{"line":122,"column":18}},"type":"cond-expr","locations":[{"start":{"line":121,"column":14},"end":{"line":121,"column":51}},{"start":{"line":122,"column":14},"end":{"line":122,"column":18}}],"line":120},"5":{"loc":{"start":{"line":123,"column":22},"end":{"line":123,"column":64}},"type":"cond-expr","locations":[{"start":{"line":123,"column":35},"end":{"line":123,"column":57}},{"start":{"line":123,"column":60},"end":{"line":123,"column":64}}],"line":123},"6":{"loc":{"start":{"line":131,"column":10},"end":{"line":137,"column":21}},"type":"binary-expr","locations":[{"start":{"line":131,"column":10},"end":{"line":131,"column":25}},{"start":{"line":132,"column":10},"end":{"line":132,"column":25}},{"start":{"line":133,"column":10},"end":{"line":133,"column":28}},{"start":{"line":134,"column":10},"end":{"line":134,"column":25}},{"start":{"line":135,"column":10},"end":{"line":135,"column":21}},{"start":{"line":136,"column":10},"end":{"line":136,"column":21}},{"start":{"line":137,"column":10},"end":{"line":137,"column":21}}],"line":131},"7":{"loc":{"start":{"line":183,"column":6},"end":{"line":185,"column":7}},"type":"if","locations":[{"start":{"line":183,"column":6},"end":{"line":185,"column":7}},{"start":{},"end":{}}],"line":183},"8":{"loc":{"start":{"line":188,"column":6},"end":{"line":190,"column":7}},"type":"if","locations":[{"start":{"line":188,"column":6},"end":{"line":190,"column":7}},{"start":{},"end":{}}],"line":188},"9":{"loc":{"start":{"line":204,"column":8},"end":{"line":208,"column":9}},"type":"if","locations":[{"start":{"line":204,"column":8},"end":{"line":208,"column":9}},{"start":{"line":206,"column":15},"end":{"line":208,"column":9}}],"line":204}},"s":{"0":1,"1":1,"2":1,"3":1,"4":1,"5":3,"6":3,"7":3,"8":3,"9":0,"10":4,"11":1,"12":3,"13":3,"14":3,"15":3,"16":3,"17":3,"18":3,"19":3,"20":3,"21":0,"22":0,"23":0,"24":0,"25":3,"26":0,"27":0,"28":0,"29":1,"30":0,"31":0,"32":0,"33":0,"34":0,"35":0,"36":0,"37":0,"38":1,"39":0,"40":0,"41":0,"42":0,"43":0,"44":0,"45":0,"46":0,"47":0,"48":0,"49":0,"50":0,"51":0,"52":0,"53":0,"54":0,"55":0,"56":0,"57":0,"58":0,"59":1,"60":1,"61":1,"62":0,"63":0,"64":0,"65":0,"66":0,"67":0,"68":0,"69":0,"70":0,"71":0,"72":0,"73":0,"74":0,"75":1,"76":1},"f":{"0":3,"1":3,"2":4,"3":0,"4":1,"5":0,"6":1,"7":0,"8":0,"9":0,"10":0,"11":0,"12":0,"13":0,"14":0,"15":1},"b":{"0":[1,3],"1":[0,3],"2":[0,0],"3":[0,0],"4":[0,0],"5":[0,0],"6":[0,0,0,0,0,0,0],"7":[0,0],"8":[0,0],"9":[0,0]},"_coverageSchema":"1a1c01bbd47fc00a2c39e90264f33305004495a9","hash":"1709c50766245269ed405c92b0e0f0b79b8f90a2"}
,"/Users/gsoriano/Documents/javascript/CLASSIFY/scrapeFormatter.js": {"path":"/Users/gsoriano/Documents/javascript/CLASSIFY/scrapeFormatter.js","statementMap":{"0":{"start":{"line":23,"column":4},"end":{"line":50,"column":5}},"1":{"start":{"line":24,"column":8},"end":{"line":49,"column":9}},"2":{"start":{"line":25,"column":12},"end":{"line":48,"column":13}},"3":{"start":{"line":26,"column":16},"end":{"line":47,"column":17}},"4":{"start":{"line":27,"column":33},"end":{"line":27,"column":67}},"5":{"start":{"line":28,"column":34},"end":{"line":28,"column":59}},"6":{"start":{"line":29,"column":20},"end":{"line":29,"column":50}},"7":{"start":{"line":30,"column":20},"end":{"line":30,"column":61}},"8":{"start":{"line":31,"column":20},"end":{"line":31,"column":59}},"9":{"start":{"line":32,"column":20},"end":{"line":32,"column":62}},"10":{"start":{"line":33,"column":20},"end":{"line":33,"column":53}},"11":{"start":{"line":34,"column":20},"end":{"line":34,"column":63}},"12":{"start":{"line":36,"column":21},"end":{"line":47,"column":17}},"13":{"start":{"line":37,"column":33},"end":{"line":37,"column":55}},"14":{"start":{"line":38,"column":20},"end":{"line":40,"column":21}},"15":{"start":{"line":39,"column":24},"end":{"line":39,"column":97}},"16":{"start":{"line":43,"column":36},"end":{"line":43,"column":58}},"17":{"start":{"line":45,"column":20},"end":{"line":45,"column":50}},"18":{"start":{"line":46,"column":20},"end":{"line":46,"column":53}},"19":{"start":{"line":52,"column":4},"end":{"line":52,"column":16}},"20":{"start":{"line":55,"column":0},"end":{"line":55,"column":33}}},"fnMap":{"0":{"name":"scrapeFormatter","decl":{"start":{"line":21,"column":9},"end":{"line":21,"column":24}},"loc":{"start":{"line":21,"column":30},"end":{"line":53,"column":1}},"line":21}},"branchMap":{"0":{"loc":{"start":{"line":26,"column":16},"end":{"line":47,"column":17}},"type":"if","locations":[{"start":{"line":26,"column":16},"end":{"line":47,"column":17}},{"start":{"line":36,"column":21},"end":{"line":47,"column":17}}],"line":26},"1":{"loc":{"start":{"line":36,"column":21},"end":{"line":47,"column":17}},"type":"if","locations":[{"start":{"line":36,"column":21},"end":{"line":47,"column":17}},{"start":{"line":42,"column":20},"end":{"line":47,"column":17}}],"line":36},"2":{"loc":{"start":{"line":38,"column":20},"end":{"line":40,"column":21}},"type":"if","locations":[{"start":{"line":38,"column":20},"end":{"line":40,"column":21}},{"start":{},"end":{}}],"line":38}},"s":{"0":3,"1":3,"2":4,"3":36,"4":3,"5":3,"6":3,"7":3,"8":3,"9":3,"10":3,"11":3,"12":33,"13":4,"14":4,"15":3,"16":29,"17":29,"18":29,"19":3,"20":1},"f":{"0":3},"b":{"0":[3,33],"1":[4,29],"2":[3,1]},"_coverageSchema":"1a1c01bbd47fc00a2c39e90264f33305004495a9","hash":"fd96cea047bb293fc45fbc022f813fa01fab1968"}
,"/Users/gsoriano/Documents/javascript/CLASSIFY/patriotWeb_scraper/browser.js": {"path":"/Users/gsoriano/Documents/javascript/CLASSIFY/patriotWeb_scraper/browser.js","statementMap":{"0":{"start":{"line":1,"column":18},"end":{"line":1,"column":38}},"1":{"start":{"line":9,"column":4},"end":{"line":19,"column":5}},"2":{"start":{"line":10,"column":8},"end":{"line":10,"column":46}},"3":{"start":{"line":11,"column":8},"end":{"line":15,"column":11}},"4":{"start":{"line":18,"column":8},"end":{"line":18,"column":66}},"5":{"start":{"line":21,"column":4},"end":{"line":21,"column":19}},"6":{"start":{"line":24,"column":0},"end":{"line":26,"column":2}}},"fnMap":{"0":{"name":"startBrowser","decl":{"start":{"line":8,"column":15},"end":{"line":8,"column":27}},"loc":{"start":{"line":8,"column":30},"end":{"line":22,"column":1}},"line":8}},"branchMap":{},"s":{"0":1,"1":3,"2":3,"3":3,"4":0,"5":3,"6":1},"f":{"0":3},"b":{},"_coverageSchema":"1a1c01bbd47fc00a2c39e90264f33305004495a9","hash":"a970800f9403f1be7db32f5ca0baf3a5f81336e7"}
,"/Users/gsoriano/Documents/javascript/CLASSIFY/patriotWeb_scraper/pageController.js": {"path":"/Users/gsoriano/Documents/javascript/CLASSIFY/patriotWeb_scraper/pageController.js","statementMap":{"0":{"start":{"line":1,"column":20},"end":{"line":1,"column":44}},"1":{"start":{"line":2,"column":0},"end":{"line":2,"column":19}},"2":{"start":{"line":11,"column":4},"end":{"line":25,"column":5}},"3":{"start":{"line":12,"column":8},"end":{"line":12,"column":40}},"4":{"start":{"line":16,"column":26},"end":{"line":16,"column":60}},"5":{"start":{"line":17,"column":8},"end":{"line":20,"column":11}},"6":{"start":{"line":18,"column":12},"end":{"line":18,"column":45}},"7":{"start":{"line":18,"column":21},"end":{"line":18,"column":45}},"8":{"start":{"line":19,"column":12},"end":{"line":19,"column":89}},"9":{"start":{"line":21,"column":8},"end":{"line":21,"column":24}},"10":{"start":{"line":24,"column":8},"end":{"line":24,"column":65}},"11":{"start":{"line":28,"column":0},"end":{"line":28,"column":64}},"12":{"start":{"line":28,"column":38},"end":{"line":28,"column":64}}},"fnMap":{"0":{"name":"scrapeAll","decl":{"start":{"line":9,"column":15},"end":{"line":9,"column":24}},"loc":{"start":{"line":9,"column":42},"end":{"line":26,"column":1}},"line":9},"1":{"name":"(anonymous_1)","decl":{"start":{"line":17,"column":75},"end":{"line":17,"column":76}},"loc":{"start":{"line":17,"column":89},"end":{"line":20,"column":9}},"line":17},"2":{"name":"(anonymous_2)","decl":{"start":{"line":28,"column":17},"end":{"line":28,"column":18}},"loc":{"start":{"line":28,"column":38},"end":{"line":28,"column":64}},"line":28}},"branchMap":{"0":{"loc":{"start":{"line":18,"column":12},"end":{"line":18,"column":45}},"type":"if","locations":[{"start":{"line":18,"column":12},"end":{"line":18,"column":45}},{"start":{},"end":{}}],"line":18}},"s":{"0":1,"1":1,"2":1,"3":1,"4":1,"5":0,"6":0,"7":0,"8":0,"9":0,"10":1,"11":1,"12":1},"f":{"0":1,"1":0,"2":1},"b":{"0":[0,0]},"_coverageSchema":"1a1c01bbd47fc00a2c39e90264f33305004495a9","hash":"1a7affe4842a23d20f4f9b5d715228fe0d31d153"}
,"/Users/gsoriano/Documents/javascript/CLASSIFY/patriotWeb_scraper/pageScraper.js": {"path":"/Users/gsoriano/Documents/javascript/CLASSIFY/patriotWeb_scraper/pageScraper.js","statementMap":{"0":{"start":{"line":1,"column":22},"end":{"line":137,"column":1}},"1":{"start":{"line":5,"column":19},"end":{"line":5,"column":21}},"2":{"start":{"line":6,"column":19},"end":{"line":6,"column":42}},"3":{"start":{"line":7,"column":8},"end":{"line":7,"column":45}},"4":{"start":{"line":8,"column":8},"end":{"line":8,"column":70}},"5":{"start":{"line":11,"column":26},"end":{"line":11,"column":63}},"6":{"start":{"line":12,"column":8},"end":{"line":12,"column":58}},"7":{"start":{"line":15,"column":28},"end":{"line":15,"column":65}},"8":{"start":{"line":16,"column":8},"end":{"line":16,"column":36}},"9":{"start":{"line":19,"column":8},"end":{"line":19,"column":39}},"10":{"start":{"line":20,"column":8},"end":{"line":20,"column":47}},"11":{"start":{"line":21,"column":8},"end":{"line":21,"column":25}},"12":{"start":{"line":24,"column":8},"end":{"line":26,"column":11}},"13":{"start":{"line":25,"column":12},"end":{"line":25,"column":105}},"14":{"start":{"line":25,"column":91},"end":{"line":25,"column":104}},"15":{"start":{"line":28,"column":8},"end":{"line":28,"column":20}},"16":{"start":{"line":37,"column":8},"end":{"line":37,"column":44}},"17":{"start":{"line":38,"column":28},"end":{"line":38,"column":71}},"18":{"start":{"line":39,"column":8},"end":{"line":39,"column":36}},"19":{"start":{"line":40,"column":8},"end":{"line":40,"column":39}},"20":{"start":{"line":42,"column":8},"end":{"line":42,"column":20}},"21":{"start":{"line":47,"column":8},"end":{"line":47,"column":34}},"22":{"start":{"line":48,"column":24},"end":{"line":102,"column":10}},"23":{"start":{"line":49,"column":25},"end":{"line":49,"column":63}},"24":{"start":{"line":50,"column":12},"end":{"line":50,"column":34}},"25":{"start":{"line":51,"column":31},"end":{"line":51,"column":68}},"26":{"start":{"line":52,"column":12},"end":{"line":52,"column":34}},"27":{"start":{"line":53,"column":29},"end":{"line":53,"column":120}},"28":{"start":{"line":54,"column":12},"end":{"line":54,"column":34}},"29":{"start":{"line":55,"column":29},"end":{"line":55,"column":31}},"30":{"start":{"line":58,"column":12},"end":{"line":61,"column":13}},"31":{"start":{"line":59,"column":28},"end":{"line":59,"column":85}},"32":{"start":{"line":60,"column":16},"end":{"line":60,"column":39}},"33":{"start":{"line":64,"column":12},"end":{"line":101,"column":15}},"34":{"start":{"line":65,"column":30},"end":{"line":74,"column":17}},"35":{"start":{"line":77,"column":33},"end":{"line":77,"column":52}},"36":{"start":{"line":78,"column":16},"end":{"line":78,"column":52}},"37":{"start":{"line":81,"column":28},"end":{"line":81,"column":80}},"38":{"start":{"line":83,"column":16},"end":{"line":99,"column":17}},"39":{"start":{"line":84,"column":30},"end":{"line":84,"column":70}},"40":{"start":{"line":89,"column":20},"end":{"line":98,"column":21}},"41":{"start":{"line":90,"column":40},"end":{"line":90,"column":89}},"42":{"start":{"line":91,"column":24},"end":{"line":91,"column":67}},"43":{"start":{"line":92,"column":24},"end":{"line":92,"column":67}},"44":{"start":{"line":93,"column":24},"end":{"line":93,"column":67}},"45":{"start":{"line":94,"column":24},"end":{"line":94,"column":68}},"46":{"start":{"line":95,"column":24},"end":{"line":95,"column":73}},"47":{"start":{"line":96,"column":24},"end":{"line":96,"column":76}},"48":{"start":{"line":97,"column":24},"end":{"line":97,"column":73}},"49":{"start":{"line":100,"column":16},"end":{"line":100,"column":31}},"50":{"start":{"line":104,"column":8},"end":{"line":104,"column":29}},"51":{"start":{"line":105,"column":8},"end":{"line":105,"column":23}},"52":{"start":{"line":114,"column":19},"end":{"line":114,"column":50}},"53":{"start":{"line":115,"column":26},"end":{"line":115,"column":28}},"54":{"start":{"line":120,"column":8},"end":{"line":125,"column":9}},"55":{"start":{"line":121,"column":23},"end":{"line":121,"column":38}},"56":{"start":{"line":122,"column":23},"end":{"line":122,"column":69}},"57":{"start":{"line":123,"column":12},"end":{"line":123,"column":72}},"58":{"start":{"line":124,"column":12},"end":{"line":124,"column":32}},"59":{"start":{"line":135,"column":7},"end":{"line":135,"column":26}},"60":{"start":{"line":139,"column":0},"end":{"line":139,"column":31}}},"fnMap":{"0":{"name":"(anonymous_0)","decl":{"start":{"line":4,"column":4},"end":{"line":4,"column":5}},"loc":{"start":{"line":4,"column":22},"end":{"line":29,"column":5}},"line":4},"1":{"name":"(anonymous_1)","decl":{"start":{"line":24,"column":43},"end":{"line":24,"column":44}},"loc":{"start":{"line":24,"column":49},"end":{"line":26,"column":9}},"line":24},"2":{"name":"(anonymous_2)","decl":{"start":{"line":25,"column":80},"end":{"line":25,"column":81}},"loc":{"start":{"line":25,"column":91},"end":{"line":25,"column":104}},"line":25},"3":{"name":"(anonymous_3)","decl":{"start":{"line":35,"column":4},"end":{"line":35,"column":5}},"loc":{"start":{"line":35,"column":32},"end":{"line":43,"column":5}},"line":35},"4":{"name":"(anonymous_4)","decl":{"start":{"line":45,"column":4},"end":{"line":45,"column":5}},"loc":{"start":{"line":45,"column":39},"end":{"line":106,"column":5}},"line":45},"5":{"name":"(anonymous_5)","decl":{"start":{"line":48,"column":44},"end":{"line":48,"column":45}},"loc":{"start":{"line":48,"column":63},"end":{"line":102,"column":9}},"line":48},"6":{"name":"(anonymous_6)","decl":{"start":{"line":64,"column":46},"end":{"line":64,"column":47}},"loc":{"start":{"line":64,"column":58},"end":{"line":101,"column":13}},"line":64},"7":{"name":"(anonymous_7)","decl":{"start":{"line":113,"column":4},"end":{"line":113,"column":5}},"loc":{"start":{"line":113,"column":27},"end":{"line":136,"column":5}},"line":113}},"branchMap":{"0":{"loc":{"start":{"line":83,"column":16},"end":{"line":99,"column":17}},"type":"if","locations":[{"start":{"line":83,"column":16},"end":{"line":99,"column":17}},{"start":{},"end":{}}],"line":83}},"s":{"0":1,"1":1,"2":1,"3":1,"4":1,"5":1,"6":1,"7":1,"8":1,"9":1,"10":1,"11":1,"12":1,"13":0,"14":0,"15":0,"16":0,"17":0,"18":0,"19":0,"20":0,"21":0,"22":0,"23":0,"24":0,"25":0,"26":0,"27":0,"28":0,"29":0,"30":0,"31":0,"32":0,"33":0,"34":0,"35":0,"36":0,"37":0,"38":0,"39":0,"40":0,"41":0,"42":0,"43":0,"44":0,"45":0,"46":0,"47":0,"48":0,"49":0,"50":0,"51":0,"52":1,"53":0,"54":0,"55":0,"56":0,"57":0,"58":0,"59":0,"60":1},"f":{"0":1,"1":0,"2":0,"3":0,"4":0,"5":0,"6":0,"7":1},"b":{"0":[0,0]},"_coverageSchema":"1a1c01bbd47fc00a2c39e90264f33305004495a9","hash":"cf59b14634e197c50c8dc8da3fa47790af9820a8"}
}
