TN:
SF:Course.js
FN:24,(anonymous_0)
FN:40,(anonymous_1)
FN:43,(anonymous_2)
FN:46,(anonymous_3)
FN:50,(anonymous_4)
FN:54,(anonymous_5)
FN:58,(anonymous_6)
FN:62,(anonymous_7)
FN:66,(anonymous_8)
FN:70,(anonymous_9)
FN:73,(anonymous_10)
FN:76,(anonymous_11)
FN:79,(anonymous_12)
FN:85,(anonymous_13)
FN:89,(anonymous_14)
FN:92,(anonymous_15)
FN:96,(anonymous_16)
FN:100,(anonymous_17)
FN:104,(anonymous_18)
FN:108,(anonymous_19)
FN:112,(anonymous_20)
FN:116,(anonymous_21)
FN:120,(anonymous_22)
FN:124,(anonymous_23)
FN:128,(anonymous_24)
FNF:25
FNH:25
FNDA:24,(anonymous_0)
FNDA:2,(anonymous_1)
FNDA:2,(anonymous_2)
FNDA:2,(anonymous_3)
FNDA:2,(anonymous_4)
FNDA:2,(anonymous_5)
FNDA:2,(anonymous_6)
FNDA:2,(anonymous_7)
FNDA:2,(anonymous_8)
FNDA:2,(anonymous_9)
FNDA:2,(anonymous_10)
FNDA:2,(anonymous_11)
FNDA:2,(anonymous_12)
FNDA:1,(anonymous_13)
FNDA:1,(anonymous_14)
FNDA:1,(anonymous_15)
FNDA:1,(anonymous_16)
FNDA:1,(anonymous_17)
FNDA:1,(anonymous_18)
FNDA:1,(anonymous_19)
FNDA:1,(anonymous_20)
FNDA:1,(anonymous_21)
FNDA:1,(anonymous_22)
FNDA:1,(anonymous_23)
FNDA:1,(anonymous_24)
DA:25,24
DA:26,24
DA:27,24
DA:28,24
DA:29,24
DA:30,24
DA:31,24
DA:32,24
DA:33,24
DA:34,24
DA:35,24
DA:36,24
DA:41,2
DA:44,2
DA:47,2
DA:51,2
DA:55,2
DA:59,2
DA:63,2
DA:67,2
DA:71,2
DA:74,2
DA:77,2
DA:80,2
DA:86,1
DA:90,1
DA:93,1
DA:97,1
DA:101,1
DA:105,1
DA:109,1
DA:113,1
DA:117,1
DA:121,1
DA:125,1
DA:129,1
DA:133,1
LF:37
LH:37
BRF:0
BRH:0
end_of_record
TN:
SF:Professor.js
FN:8,(anonymous_0)
FN:15,(anonymous_1)
FN:16,(anonymous_2)
FN:17,(anonymous_3)
FN:19,(anonymous_4)
FN:20,(anonymous_5)
FN:22,(anonymous_6)
FN:24,(anonymous_7)
FN:26,(anonymous_8)
FNF:9
FNH:9
FNDA:5,(anonymous_0)
FNDA:2,(anonymous_1)
FNDA:2,(anonymous_2)
FNDA:5,(anonymous_3)
FNDA:1,(anonymous_4)
FNDA:1,(anonymous_5)
FNDA:1,(anonymous_6)
FNDA:1,(anonymous_7)
FNDA:1,(anonymous_8)
DA:9,5
DA:10,5
DA:11,5
DA:12,5
DA:15,2
DA:16,2
DA:17,5
DA:19,1
DA:20,1
DA:22,1
DA:24,1
DA:26,1
DA:30,1
LF:13
LH:13
BRDA:8,0,0,0
BRDA:11,1,0,5
BRDA:11,1,1,0
BRF:3
BRH:1
end_of_record
TN:
SF:Review.js
FN:2,(anonymous_0)
FN:13,(anonymous_1)
FN:17,(anonymous_2)
FN:21,(anonymous_3)
FN:25,(anonymous_4)
FN:29,(anonymous_5)
FN:33,(anonymous_6)
FN:37,(anonymous_7)
FN:42,(anonymous_8)
FN:46,(anonymous_9)
FN:50,(anonymous_10)
FN:54,(anonymous_11)
FN:58,(anonymous_12)
FN:62,(anonymous_13)
FN:66,(anonymous_14)
FNF:15
FNH:0
FNDA:0,(anonymous_0)
FNDA:0,(anonymous_1)
FNDA:0,(anonymous_2)
FNDA:0,(anonymous_3)
FNDA:0,(anonymous_4)
FNDA:0,(anonymous_5)
FNDA:0,(anonymous_6)
FNDA:0,(anonymous_7)
FNDA:0,(anonymous_8)
FNDA:0,(anonymous_9)
FNDA:0,(anonymous_10)
FNDA:0,(anonymous_11)
FNDA:0,(anonymous_12)
FNDA:0,(anonymous_13)
FNDA:0,(anonymous_14)
DA:3,0
DA:4,0
DA:5,0
DA:6,0
DA:7,0
DA:8,0
DA:9,0
DA:14,0
DA:18,0
DA:22,0
DA:26,0
DA:30,0
DA:34,0
DA:38,0
DA:43,0
DA:47,0
DA:51,0
DA:55,0
DA:59,0
DA:63,0
DA:67,0
DA:71,1
LF:22
LH:1
BRF:0
BRH:0
end_of_record
TN:
SF:index.js
FN:41,parseCoursesFromFile
FN:48,(anonymous_1)
FN:82,getInstructorsFromFile
FN:85,(anonymous_3)
FN:96,(anonymous_4)
FN:130,sortProfessorsGivenCourse
FN:132,(anonymous_6)
FN:136,(anonymous_7)
FN:138,(anonymous_8)
FNF:9
FNH:4
FNDA:0,parseCoursesFromFile
FNDA:0,(anonymous_1)
FNDA:0,getInstructorsFromFile
FNDA:0,(anonymous_3)
FNDA:0,(anonymous_4)
FNDA:1,sortProfessorsGivenCourse
FNDA:5,(anonymous_6)
FNDA:7,(anonymous_7)
FNDA:5,(anonymous_8)
DA:3,1
DA:4,1
DA:13,1
DA:42,0
DA:44,0
DA:45,0
DA:46,0
DA:48,0
DA:62,0
DA:71,0
DA:72,0
DA:75,0
DA:77,0
DA:78,0
DA:83,0
DA:85,0
DA:86,0
DA:87,0
DA:88,0
DA:91,0
DA:92,0
DA:93,0
DA:95,0
DA:96,0
DA:100,0
DA:102,0
DA:103,0
DA:107,0
DA:110,0
DA:114,0
DA:131,1
DA:132,5
DA:136,7
DA:138,5
DA:141,1
LF:35
LH:8
BRDA:86,0,0,0
BRDA:86,0,1,0
BRDA:95,1,0,0
BRDA:95,1,1,0
BRDA:102,2,0,0
BRDA:102,2,1,0
BRDA:134,3,0,5
BRDA:134,3,1,0
BRF:8
BRH:1
end_of_record
TN:
SF:rmpReview.js
FN:10,launchBrowser
FN:18,closePopup
FN:27,getProfessorURLFromRMP
FN:58,(anonymous_3)
FN:64,getProfessorOverallRating
FN:74,(anonymous_5)
FN:81,getReviewForProfessor
FN:91,(anonymous_7)
FN:93,(anonymous_8)
FN:111,(anonymous_9)
FN:130,(anonymous_10)
FN:142,(anonymous_11)
FN:176,(anonymous_12)
FN:178,(anonymous_13)
FN:203,(anonymous_14)
FN:216,(anonymous_15)
FNF:16
FNH:6
FNDA:3,launchBrowser
FNDA:3,closePopup
FNDA:4,getProfessorURLFromRMP
FNDA:0,(anonymous_3)
FNDA:1,getProfessorOverallRating
FNDA:0,(anonymous_5)
FNDA:1,getReviewForProfessor
FNDA:0,(anonymous_7)
FNDA:0,(anonymous_8)
FNDA:0,(anonymous_9)
FNDA:0,(anonymous_10)
FNDA:0,(anonymous_11)
FNDA:0,(anonymous_12)
FNDA:0,(anonymous_13)
FNDA:0,(anonymous_14)
FNDA:1,(anonymous_15)
DA:2,1
DA:3,1
DA:4,1
DA:6,1
DA:8,1
DA:11,3
DA:19,3
DA:20,3
DA:21,3
DA:23,0
DA:29,4
DA:30,1
DA:32,3
DA:33,3
DA:34,3
DA:36,3
DA:39,3
DA:41,3
DA:46,3
DA:48,3
DA:51,3
DA:52,0
DA:53,0
DA:54,0
DA:55,0
DA:58,3
DA:60,0
DA:61,0
DA:65,1
DA:66,0
DA:67,0
DA:68,0
DA:70,0
DA:72,0
DA:74,0
DA:77,0
DA:78,0
DA:82,1
DA:83,0
DA:84,0
DA:86,0
DA:88,0
DA:90,0
DA:91,0
DA:92,0
DA:95,0
DA:98,0
DA:101,0
DA:104,0
DA:107,0
DA:111,0
DA:112,0
DA:117,0
DA:131,0
DA:141,0
DA:143,0
DA:154,0
DA:155,0
DA:171,1
DA:172,1
DA:175,1
DA:177,0
DA:178,0
DA:179,0
DA:180,0
DA:183,0
DA:184,0
DA:188,0
DA:189,0
DA:193,0
DA:203,0
DA:204,0
DA:205,0
DA:207,0
DA:217,1
DA:224,1
LF:76
LH:28
BRDA:29,0,0,1
BRDA:29,0,1,3
BRDA:51,1,0,0
BRDA:51,1,1,3
BRDA:118,2,0,0
BRDA:118,2,1,0
BRDA:119,3,0,0
BRDA:119,3,1,0
BRDA:120,4,0,0
BRDA:120,4,1,0
BRDA:123,5,0,0
BRDA:123,5,1,0
BRDA:131,6,0,0
BRDA:131,6,1,0
BRDA:131,6,2,0
BRDA:131,6,3,0
BRDA:131,6,4,0
BRDA:131,6,5,0
BRDA:131,6,6,0
BRDA:183,7,0,0
BRDA:183,7,1,0
BRDA:188,8,0,0
BRDA:188,8,1,0
BRDA:204,9,0,0
BRDA:204,9,1,0
BRF:25
BRH:3
end_of_record
TN:
SF:scrapeFormatter.js
FN:21,scrapeFormatter
FNF:1
FNH:1
FNDA:3,scrapeFormatter
DA:23,3
DA:24,3
DA:25,4
DA:26,36
DA:27,3
DA:28,3
DA:29,3
DA:30,3
DA:31,3
DA:32,3
DA:33,3
DA:34,3
DA:36,33
DA:37,4
DA:38,4
DA:39,3
DA:43,29
DA:45,29
DA:46,29
DA:52,3
DA:55,1
LF:21
LH:21
BRDA:26,0,0,3
BRDA:26,0,1,33
BRDA:36,1,0,4
BRDA:36,1,1,29
BRDA:38,2,0,3
BRDA:38,2,1,1
BRF:6
BRH:6
end_of_record
TN:
SF:patriotWeb_scraper/browser.js
FN:8,startBrowser
FNF:1
FNH:1
FNDA:3,startBrowser
DA:1,1
DA:9,3
DA:10,3
DA:11,3
DA:18,0
DA:21,3
DA:24,1
LF:7
LH:6
BRF:0
BRH:0
end_of_record
TN:
SF:patriotWeb_scraper/pageController.js
FN:9,scrapeAll
FN:17,(anonymous_1)
FN:28,(anonymous_2)
FNF:3
FNH:2
FNDA:1,scrapeAll
FNDA:0,(anonymous_1)
FNDA:1,(anonymous_2)
DA:1,1
DA:2,1
DA:11,1
DA:12,1
DA:16,1
DA:17,0
DA:18,0
DA:19,0
DA:21,0
DA:24,1
DA:28,1
LF:11
LH:7
BRDA:18,0,0,0
BRDA:18,0,1,0
BRF:2
BRH:0
end_of_record
TN:
SF:patriotWeb_scraper/pageScraper.js
FN:4,(anonymous_0)
FN:24,(anonymous_1)
FN:25,(anonymous_2)
FN:35,(anonymous_3)
FN:45,(anonymous_4)
FN:48,(anonymous_5)
FN:64,(anonymous_6)
FN:113,(anonymous_7)
FNF:8
FNH:2
FNDA:1,(anonymous_0)
FNDA:0,(anonymous_1)
FNDA:0,(anonymous_2)
FNDA:0,(anonymous_3)
FNDA:0,(anonymous_4)
FNDA:0,(anonymous_5)
FNDA:0,(anonymous_6)
FNDA:1,(anonymous_7)
DA:1,1
DA:5,1
DA:6,1
DA:7,1
DA:8,1
DA:11,1
DA:12,1
DA:15,1
DA:16,1
DA:19,1
DA:20,1
DA:21,1
DA:24,1
DA:25,0
DA:28,0
DA:37,0
DA:38,0
DA:39,0
DA:40,0
DA:42,0
DA:47,0
DA:48,0
DA:49,0
DA:50,0
DA:51,0
DA:52,0
DA:53,0
DA:54,0
DA:55,0
DA:58,0
DA:59,0
DA:60,0
DA:64,0
DA:65,0
DA:77,0
DA:78,0
DA:81,0
DA:83,0
DA:84,0
DA:89,0
DA:90,0
DA:91,0
DA:92,0
DA:93,0
DA:94,0
DA:95,0
DA:96,0
DA:97,0
DA:100,0
DA:104,0
DA:105,0
DA:114,1
DA:115,0
DA:120,0
DA:121,0
DA:122,0
DA:123,0
DA:124,0
DA:135,0
DA:139,1
LF:60
LH:15
BRDA:83,0,0,0
BRDA:83,0,1,0
BRF:2
BRH:0
end_of_record
